sewain/build/app/intermediates/manifest_merge_blame_file/debug/manifest-merger-blame-debug-report.txt
1<?xml version="1.0" encoding="utf-8"?>
2<manifest xmlns:android="http://schemas.android.com/apk/res/android"
3    package="com.example.sewain"
4    android:versionCode="1"
5    android:versionName="1.0.0" >
6
7    <uses-sdk
8        android:minSdkVersion="16"
9        android:targetSdkVersion="31" />
10    <!--
11         Flutter needs it to communicate with the running application
12         to allow setting breakpoints, to provide hot reload, etc.
13    -->
14    <uses-permission android:name="android.permission.INTERNET" />
14-->src\debug\AndroidManifest.xml:6:5-66
14-->src\debug\AndroidManifest.xml:6:22-64
15    <uses-permission android:name="android.permission.READ_EXTERNAL_STORAGE" />
15-->[:file_picker] AndroidManifest.xml:7:5-80
15-->[:file_picker] AndroidManifest.xml:7:22-77
16
17    <queries>
17-->[:file_picker] AndroidManifest.xml:9:5-15:15
18        <intent>
18-->[:file_picker] AndroidManifest.xml:10:9-14:18
19            <action android:name="android.intent.action.GET_CONTENT" />
19-->[:file_picker] AndroidManifest.xml:11:13-72
19-->[:file_picker] AndroidManifest.xml:11:21-69
20
21            <data android:mimeType="*/*" />
21-->[:file_picker] AndroidManifest.xml:13:13-44
21-->[:file_picker] AndroidManifest.xml:13:19-41
22        </intent>
23    </queries>
24
25    <uses-permission android:name="android.permission.REQUEST_INSTALL_PACKAGES" />
25-->[:open_file] AndroidManifest.xml:8:5-83
25-->[:open_file] AndroidManifest.xml:8:22-80
26
27    <application
28        android:name="android.app.Application"
29        android:appComponentFactory="androidx.core.app.CoreComponentFactory"
29-->[androidx.core:core:1.8.0] AndroidManifest.xml:24:18-86
30        android:debuggable="true"
31        android:icon="@mipmap/ic_launcher"
32        android:label="sewain" >
33        <activity
34            android:name="com.example.sewain.MainActivity"
35            android:configChanges="orientation|keyboardHidden|keyboard|screenSize|smallestScreenSize|locale|layoutDirection|fontScale|screenLayout|density|uiMode"
36            android:exported="true"
37            android:hardwareAccelerated="true"
38            android:launchMode="singleTop"
39            android:theme="@style/LaunchTheme"
40            android:windowSoftInputMode="adjustResize" >
41
42            <!--
43                 Specifies an Android theme to apply to this Activity as soon as
44                 the Android process has started. This theme is visible to the user
45                 while the Flutter UI initializes. After that, this theme continues
46                 to determine the Window background behind the Flutter UI.
47            -->
48            <meta-data
49                android:name="io.flutter.embedding.android.NormalTheme"
50                android:resource="@style/NormalTheme" />
51
52            <intent-filter>
53                <action android:name="android.intent.action.MAIN" />
54
55                <category android:name="android.intent.category.LAUNCHER" />
56            </intent-filter>
57        </activity>
58        <!--
59             Don't delete the meta-data below.
60             This is used by the Flutter tool to generate GeneratedPluginRegistrant.java
61        -->
62        <meta-data
63            android:name="flutterEmbedding"
64            android:value="2" />
65
66        <provider
66-->[:image_picker_android] AndroidManifest.xml:8:9-16:20
67            android:name="io.flutter.plugins.imagepicker.ImagePickerFileProvider"
67-->[:image_picker_android] AndroidManifest.xml:9:13-82
68            android:authorities="com.example.sewain.flutter.image_provider"
68-->[:image_picker_android] AndroidManifest.xml:10:13-74
69            android:exported="false"
69-->[:image_picker_android] AndroidManifest.xml:11:13-37
70            android:grantUriPermissions="true" >
70-->[:image_picker_android] AndroidManifest.xml:12:13-47
71            <meta-data
71-->[:image_picker_android] AndroidManifest.xml:13:13-15:75
72                android:name="android.support.FILE_PROVIDER_PATHS"
72-->[:image_picker_android] AndroidManifest.xml:14:17-67
73                android:resource="@xml/flutter_image_picker_file_paths" />
73-->[:image_picker_android] AndroidManifest.xml:15:17-72
74        </provider>
75        <provider
75-->[:open_file] AndroidManifest.xml:12:9-21:20
76            android:name="com.crazecoder.openfile.FileProvider"
76-->[:open_file] AndroidManifest.xml:13:13-64
77            android:authorities="com.example.sewain.fileProvider.com.crazecoder.openfile"
77-->[:open_file] AndroidManifest.xml:14:13-88
78            android:exported="false"
78-->[:open_file] AndroidManifest.xml:15:13-37
79            android:grantUriPermissions="true" >
79-->[:open_file] AndroidManifest.xml:16:13-47
80            <meta-data
80-->[:image_picker_android] AndroidManifest.xml:13:13-15:75
81                android:name="android.support.FILE_PROVIDER_PATHS"
81-->[:image_picker_android] AndroidManifest.xml:14:17-67
82                android:resource="@xml/filepaths" />
82-->[:image_picker_android] AndroidManifest.xml:15:17-72
83        </provider>
84
85        <activity
85-->[:url_launcher_android] AndroidManifest.xml:8:9-11:74
86            android:name="io.flutter.plugins.urllauncher.WebViewActivity"
86-->[:url_launcher_android] AndroidManifest.xml:9:13-74
87            android:exported="false"
87-->[:url_launcher_android] AndroidManifest.xml:10:13-37
88            android:theme="@android:style/Theme.NoTitleBar.Fullscreen" />
88-->[:url_launcher_android] AndroidManifest.xml:11:13-71
89
90        <uses-library
90-->[androidx.window:window:1.0.0-beta04] AndroidManifest.xml:25:9-27:40
91            android:name="androidx.window.extensions"
91-->[androidx.window:window:1.0.0-beta04] AndroidManifest.xml:26:13-54
92            android:required="false" />
92-->[androidx.window:window:1.0.0-beta04] AndroidManifest.xml:27:13-37
93        <uses-library
93-->[androidx.window:window:1.0.0-beta04] AndroidManifest.xml:28:9-30:40
94            android:name="androidx.window.sidecar"
94-->[androidx.window:window:1.0.0-beta04] AndroidManifest.xml:29:13-51
95            android:required="false" />
95-->[androidx.window:window:1.0.0-beta04] AndroidManifest.xml:30:13-37
96    </application>
97
98</manifest>